<?xml version="1.0" encoding="UTF-8"?>
<!-- Generated by org.testng.reporters.JUnitReportReporter -->
<testsuite hostname="DESKTOP-4KM33U9" failures="0" tests="1" name="actitime.Actitime01" time="2.969" errors="0" timestamp="2019-11-21T09:41:13 IST" skipped="0">
  <testcase classname="actitime.Actitime01" name="login" time="2.969"/>
</testsuite> <!-- actitime.Actitime01 -->
